2025-08-24T12:55:53 | touched: contracts/Chainlinkoracle.sol
2026-01-18T12:32:25 | touched: test/Chainlinkoracle.test.js
2025-08-02T16:18:55 | touched: scripts/deploy.js
2025-08-28T02:01:29 | touched: package.json
2025-10-20T05:12:17 | touched: hardhat.config.js
2026-01-12T13:43:22 | touched: contracts/Chainlinkoracle.sol
2025-07-20T12:01:53 | touched: LICENSE
2025-04-28T15:10:37 | touched: scripts/deploy.js
2025-09-25T07:46:30 | touched: LICENSE
2025-05-24T15:42:28 | touched: LICENSE
2025-11-20T00:53:57 | touched: contracts/Chainlinkoracle.sol
2025-09-07T13:30:08 | touched: package.json
2025-10-17T11:38:26 | touched: hardhat.config.js
2025-08-01T22:53:37 | touched: package.json
2025-11-18T17:20:07 | touched: hardhat.config.js
2025-03-08T22:41:27 | touched: contracts/Chainlinkoracle.sol
2025-03-26T15:51:04 | touched: README.md
2025-05-03T10:25:04 | touched: hardhat.config.js
2025-07-29T11:39:47 | touched: hardhat.config.js
2025-08-25T22:17:22 | touched: test/Chainlinkoracle.test.js
2025-10-26T00:18:35 | touched: README.md
2025-03-25T20:07:12 | touched: hardhat.config.js
